\BOOKMARK [0][-]{chapter*.1}{Portada}{}
\BOOKMARK [0][-]{chapter*.5}{Agradecimientos}{}
\BOOKMARK [0][-]{chapter*.9}{Resumen}{}
\BOOKMARK [0][-]{chapter*.12}{Pr\363logo}{}
\BOOKMARK [0][-]{chapter*.15}{Simbolog\355a utilizada}{}
\BOOKMARK [0][-]{chapter.1}{Marco de referencia}{}
\BOOKMARK [1][-]{section.1.1}{INTRODUCCI\323N}{chapter.1}
\BOOKMARK [1][-]{section.1.2}{PLANTEAMIENTO DEL PROBLEMA}{chapter.1}
\BOOKMARK [1][-]{section.1.3}{DEFINICI\323N DEL PROBLEMA}{chapter.1}
\BOOKMARK [1][-]{section.1.4}{DELIMITACI\323N DEL PROBLEMA}{chapter.1}
\BOOKMARK [1][-]{section.1.5}{OBJETIVOS}{chapter.1}
\BOOKMARK [1][-]{section.1.6}{JUSTIFICACI\323N}{chapter.1}
\BOOKMARK [1][-]{section.1.7}{HIP\323TESIS}{chapter.1}
\BOOKMARK [2][-]{subsection.1.7.1}{CLASIFICACI\323N}{section.1.7}
\BOOKMARK [2][-]{subsection.1.7.2}{ELEMENTOS DE LA HIP\323TESIS}{section.1.7}
\BOOKMARK [0][-]{chapter.2}{Marco te\363rico}{}
\BOOKMARK [0][-]{chapter.3}{Desarrollo del proyecto}{}
\BOOKMARK [1][-]{section.3.1}{METODOLOG\315A}{chapter.3}
\BOOKMARK [1][-]{section.3.2}{PRESENTACI\323N DE RESULTADOS}{chapter.3}
\BOOKMARK [0][-]{chapter.4}{An\341lisis de Resultados}{}
\BOOKMARK [1][-]{section.4.1}{AN\301LISIS DE RESULTADOS}{chapter.4}
\BOOKMARK [1][-]{section.4.2}{CONCLUSIONES}{chapter.4}
\BOOKMARK [1][-]{section.4.3}{RECOMENDACIONES}{chapter.4}
\BOOKMARK [1][-]{section.4.4}{Bibliograf\355a}{chapter.4}
\BOOKMARK [0][-]{chapter*.48}{Glosario de t\351rminos especiales}{}
\BOOKMARK [0][-]{chapter*.49}{Anexo A}{}
